[debug] [2022-04-09T05:45:04.062Z] ----------------------------------------------------------------------
[debug] [2022-04-09T05:45:04.064Z] Command:       C:\Program Files\nodejs\node.exe C:\Users\jarre\AppData\Roaming\npm\node_modules\firebase-tools\lib\bin\firebase.js init
[debug] [2022-04-09T05:45:04.064Z] CLI Version:   10.6.0
[debug] [2022-04-09T05:45:04.064Z] Platform:      win32
[debug] [2022-04-09T05:45:04.064Z] Node Version:  v17.4.0
[debug] [2022-04-09T05:45:04.065Z] Time:          Sat Apr 09 2022 01:45:04 GMT-0400 (Eastern Daylight Time)
[debug] [2022-04-09T05:45:04.066Z] ----------------------------------------------------------------------
[debug] 
[debug] [2022-04-09T05:45:04.138Z] > command requires scopes: ["email","openid","https://www.googleapis.com/auth/cloudplatformprojects.readonly","https://www.googleapis.com/auth/firebase","https://www.googleapis.com/auth/cloud-platform"]
[debug] [2022-04-09T05:45:04.138Z] > authorizing via signed-in user (jarredkalina@gmail.com)
[info] 
     ######## #### ########  ######## ########     ###     ######  ########
     ##        ##  ##     ## ##       ##     ##  ##   ##  ##       ##
     ######    ##  ########  ######   ########  #########  ######  ######
     ##        ##  ##    ##  ##       ##     ## ##     ##       ## ##
     ##       #### ##     ## ######## ########  ##     ##  ######  ########

You're about to initialize a Firebase project in this directory:

  C:\Projects\hack-ysu

Before we get started, keep in mind:

  * You are currently outside your home directory
  * You are initializing within an existing Firebase project directory

[debug] [2022-04-09T05:45:20.576Z] ----------------------------------------------------------------------
[debug] [2022-04-09T05:45:20.577Z] Command:       C:\Program Files\nodejs\node.exe C:\Users\jarre\AppData\Roaming\npm\node_modules\firebase-tools\lib\bin\firebase.js init
[debug] [2022-04-09T05:45:20.578Z] CLI Version:   10.6.0
[debug] [2022-04-09T05:45:20.578Z] Platform:      win32
[debug] [2022-04-09T05:45:20.578Z] Node Version:  v17.4.0
[debug] [2022-04-09T05:45:20.579Z] Time:          Sat Apr 09 2022 01:45:20 GMT-0400 (Eastern Daylight Time)
[debug] [2022-04-09T05:45:20.579Z] ----------------------------------------------------------------------
[debug] 
[debug] [2022-04-09T05:45:20.638Z] > command requires scopes: ["email","openid","https://www.googleapis.com/auth/cloudplatformprojects.readonly","https://www.googleapis.com/auth/firebase","https://www.googleapis.com/auth/cloud-platform"]
[debug] [2022-04-09T05:45:20.639Z] > authorizing via signed-in user (jarredkalina@gmail.com)
[info] 
     ######## #### ########  ######## ########     ###     ######  ########
     ##        ##  ##     ## ##       ##     ##  ##   ##  ##       ##
     ######    ##  ########  ######   ########  #########  ######  ######
     ##        ##  ##    ##  ##       ##     ## ##     ##       ## ##
     ##       #### ##     ## ######## ########  ##     ##  ######  ########

You're about to initialize a Firebase project in this directory:

  C:\Projects\hack-ysu

Before we get started, keep in mind:

  * You are currently outside your home directory
  * You are initializing within an existing Firebase project directory

